This is pdfTeX, Version 3.14159265-2.6-1.40.18 (MiKTeX 2.9.6350 64-bit) (preloaded format=pdflatex 2017.9.8)  18 MAY 2018 11:56
entering extended mode
**./CompPhys_Ex4_GreifHankla.tex
(CompPhys_Ex4_GreifHankla.tex
LaTeX2e <2017-04-15>
Babel <3.10> and hyphenation patterns for 75 language(s) loaded.
("C:\Program Files\MiKTeX 2.9\tex\latex\base\article.cls"
Document Class: article 2014/09/29 v1.4h Standard LaTeX document class
("C:\Program Files\MiKTeX 2.9\tex\latex\base\size12.clo"
File: size12.clo 2014/09/29 v1.4h Standard LaTeX file (size option)
)
\c@part=\count79
\c@section=\count80
\c@subsection=\count81
\c@subsubsection=\count82
\c@paragraph=\count83
\c@subparagraph=\count84
\c@figure=\count85
\c@table=\count86
\abovecaptionskip=\skip41
\belowcaptionskip=\skip42
\bibindent=\dimen102
)
("C:\Program Files\MiKTeX 2.9\tex\latex\amsfonts\amssymb.sty"
Package: amssymb 2013/01/14 v3.01 AMS font symbols

("C:\Program Files\MiKTeX 2.9\tex\latex\amsfonts\amsfonts.sty"
Package: amsfonts 2013/01/14 v3.01 Basic AMSFonts support
\@emptytoks=\toks14
\symAMSa=\mathgroup4
\symAMSb=\mathgroup5
LaTeX Font Info:    Overwriting math alphabet `\mathfrak' in version `bold'
(Font)                  U/euf/m/n --> U/euf/b/n on input line 106.
))
("C:\Program Files\MiKTeX 2.9\tex\latex\amsmath\amsmath.sty"
Package: amsmath 2016/11/05 v2.16a AMS math features
\@mathmargin=\skip43

For additional information on amsmath, use the `?' option.
("C:\Program Files\MiKTeX 2.9\tex\latex\amsmath\amstext.sty"
Package: amstext 2000/06/29 v2.01 AMS text

("C:\Program Files\MiKTeX 2.9\tex\latex\amsmath\amsgen.sty"
File: amsgen.sty 1999/11/30 v2.0 generic functions
\@emptytoks=\toks15
\ex@=\dimen103
))
("C:\Program Files\MiKTeX 2.9\tex\latex\amsmath\amsbsy.sty"
Package: amsbsy 1999/11/29 v1.2d Bold Symbols
\pmbraise@=\dimen104
)
("C:\Program Files\MiKTeX 2.9\tex\latex\amsmath\amsopn.sty"
Package: amsopn 2016/03/08 v2.02 operator names
)
\inf@bad=\count87
LaTeX Info: Redefining \frac on input line 213.
\uproot@=\count88
\leftroot@=\count89
LaTeX Info: Redefining \overline on input line 375.
\classnum@=\count90
\DOTSCASE@=\count91
LaTeX Info: Redefining \ldots on input line 472.
LaTeX Info: Redefining \dots on input line 475.
LaTeX Info: Redefining \cdots on input line 596.
\Mathstrutbox@=\box26
\strutbox@=\box27
\big@size=\dimen105
LaTeX Font Info:    Redeclaring font encoding OML on input line 712.
LaTeX Font Info:    Redeclaring font encoding OMS on input line 713.
\macc@depth=\count92
\c@MaxMatrixCols=\count93
\dotsspace@=\muskip10
\c@parentequation=\count94
\dspbrk@lvl=\count95
\tag@help=\toks16
\row@=\count96
\column@=\count97
\maxfields@=\count98
\andhelp@=\toks17
\eqnshift@=\dimen106
\alignsep@=\dimen107
\tagshift@=\dimen108
\tagwidth@=\dimen109
\totwidth@=\dimen110
\lineht@=\dimen111
\@envbody=\toks18
\multlinegap=\skip44
\multlinetaggap=\skip45
\mathdisplay@stack=\toks19
LaTeX Info: Redefining \[ on input line 2817.
LaTeX Info: Redefining \] on input line 2818.
)
("C:\Program Files\MiKTeX 2.9\tex\latex\graphics\graphicx.sty"
Package: graphicx 2014/10/28 v1.0g Enhanced LaTeX Graphics (DPC,SPQR)

("C:\Program Files\MiKTeX 2.9\tex\latex\graphics\keyval.sty"
Package: keyval 2014/10/28 v1.15 key=value parser (DPC)
\KV@toks@=\toks20
)
("C:\Program Files\MiKTeX 2.9\tex\latex\graphics\graphics.sty"
Package: graphics 2017/04/14 v1.1b Standard LaTeX Graphics (DPC,SPQR)

("C:\Program Files\MiKTeX 2.9\tex\latex\graphics\trig.sty"
Package: trig 2016/01/03 v1.10 sin cos tan (DPC)
)
("C:\Program Files\MiKTeX 2.9\tex\latex\graphics-cfg\graphics.cfg"
File: graphics.cfg 2016/06/04 v1.11 sample graphics configuration
)
Package graphics Info: Driver file: pdftex.def on input line 99.

("C:\Program Files\MiKTeX 2.9\tex\latex\graphics-def\pdftex.def"
File: pdftex.def 2017/01/12 v0.06k Graphics/color for pdfTeX

("C:\Program Files\MiKTeX 2.9\tex\generic\oberdiek\infwarerr.sty"
Package: infwarerr 2016/05/16 v1.4 Providing info/warning/error messages (HO)
)
("C:\Program Files\MiKTeX 2.9\tex\generic\oberdiek\ltxcmds.sty"
Package: ltxcmds 2016/05/16 v1.23 LaTeX kernel commands for general use (HO)
)
\Gread@gobject=\count99
))
\Gin@req@height=\dimen112
\Gin@req@width=\dimen113
)
("C:\Program Files\MiKTeX 2.9\tex\latex\hyperref\hyperref.sty"
Package: hyperref 2017/03/14 v6.85a Hypertext links for LaTeX

("C:\Program Files\MiKTeX 2.9\tex\generic\oberdiek\hobsub-hyperref.sty"
Package: hobsub-hyperref 2016/05/16 v1.14 Bundle oberdiek, subset hyperref (HO)


("C:\Program Files\MiKTeX 2.9\tex\generic\oberdiek\hobsub-generic.sty"
Package: hobsub-generic 2016/05/16 v1.14 Bundle oberdiek, subset generic (HO)
Package: hobsub 2016/05/16 v1.14 Construct package bundles (HO)
Package hobsub Info: Skipping package `infwarerr' (already loaded).
Package hobsub Info: Skipping package `ltxcmds' (already loaded).
Package: ifluatex 2016/05/16 v1.4 Provides the ifluatex switch (HO)
Package ifluatex Info: LuaTeX not detected.
Package: ifvtex 2016/05/16 v1.6 Detect VTeX and its facilities (HO)
Package ifvtex Info: VTeX not detected.
Package: intcalc 2016/05/16 v1.2 Expandable calculations with integers (HO)
Package: ifpdf 2017/03/15 v3.2 Provides the ifpdf switch
Package: etexcmds 2016/05/16 v1.6 Avoid name clashes with e-TeX commands (HO)
Package etexcmds Info: Could not find \expanded.
(etexcmds)             That can mean that you are not using pdfTeX 1.50 or
(etexcmds)             that some package has redefined \expanded.
(etexcmds)             In the latter case, load this package earlier.
Package: kvsetkeys 2016/05/16 v1.17 Key value parser (HO)
Package: kvdefinekeys 2016/05/16 v1.4 Define keys (HO)
Package: pdftexcmds 2017/03/19 v0.25 Utility functions of pdfTeX for LuaTeX (HO
)
Package pdftexcmds Info: LuaTeX not detected.
Package pdftexcmds Info: \pdf@primitive is available.
Package pdftexcmds Info: \pdf@ifprimitive is available.
Package pdftexcmds Info: \pdfdraftmode found.
Package: pdfescape 2016/05/16 v1.14 Implements pdfTeX's escape features (HO)
Package: bigintcalc 2016/05/16 v1.4 Expandable calculations on big integers (HO
)
Package: bitset 2016/05/16 v1.2 Handle bit-vector datatype (HO)
Package: uniquecounter 2016/05/16 v1.3 Provide unlimited unique counter (HO)
)
Package hobsub Info: Skipping package `hobsub' (already loaded).
Package: letltxmacro 2016/05/16 v1.5 Let assignment for LaTeX macros (HO)
Package: hopatch 2016/05/16 v1.3 Wrapper for package hooks (HO)
Package: xcolor-patch 2016/05/16 xcolor patch
Package: atveryend 2016/05/16 v1.9 Hooks at the very end of document (HO)
Package atveryend Info: \enddocument detected (standard20110627).
Package: atbegshi 2016/06/09 v1.18 At begin shipout hook (HO)
Package: refcount 2016/05/16 v3.5 Data extraction from label references (HO)
Package: hycolor 2016/05/16 v1.8 Color options for hyperref/bookmark (HO)
)
("C:\Program Files\MiKTeX 2.9\tex\generic\ifxetex\ifxetex.sty"
Package: ifxetex 2010/09/12 v0.6 Provides ifxetex conditional
)
("C:\Program Files\MiKTeX 2.9\tex\latex\oberdiek\auxhook.sty"
Package: auxhook 2016/05/16 v1.4 Hooks for auxiliary files (HO)
)
("C:\Program Files\MiKTeX 2.9\tex\latex\oberdiek\kvoptions.sty"
Package: kvoptions 2016/05/16 v3.12 Key value format for package options (HO)
)
\@linkdim=\dimen114
\Hy@linkcounter=\count100
\Hy@pagecounter=\count101

("C:\Program Files\MiKTeX 2.9\tex\latex\hyperref\pd1enc.def"
File: pd1enc.def 2017/03/14 v6.85a Hyperref: PDFDocEncoding definition (HO)
)
\Hy@SavedSpaceFactor=\count102

("C:\Program Files\MiKTeX 2.9\tex\latex\00miktex\hyperref.cfg"
File: hyperref.cfg 2002/06/06 v1.2 hyperref configuration of TeXLive
)
Package hyperref Info: Hyper figures OFF on input line 4498.
Package hyperref Info: Link nesting OFF on input line 4503.
Package hyperref Info: Hyper index ON on input line 4506.
Package hyperref Info: Plain pages OFF on input line 4513.
Package hyperref Info: Backreferencing OFF on input line 4518.
Package hyperref Info: Implicit mode ON; LaTeX internals redefined.
Package hyperref Info: Bookmarks ON on input line 4751.
\c@Hy@tempcnt=\count103

("C:\Program Files\MiKTeX 2.9\tex\latex\url\url.sty"
\Urlmuskip=\muskip11
Package: url 2013/09/16  ver 3.4  Verb mode for urls, etc.
)
LaTeX Info: Redefining \url on input line 5104.
\XeTeXLinkMargin=\dimen115
\Fld@menulength=\count104
\Field@Width=\dimen116
\Fld@charsize=\dimen117
Package hyperref Info: Hyper figures OFF on input line 6358.
Package hyperref Info: Link nesting OFF on input line 6363.
Package hyperref Info: Hyper index ON on input line 6366.
Package hyperref Info: backreferencing OFF on input line 6373.
Package hyperref Info: Link coloring OFF on input line 6378.
Package hyperref Info: Link coloring with OCG OFF on input line 6383.
Package hyperref Info: PDF/A mode OFF on input line 6388.
LaTeX Info: Redefining \ref on input line 6428.
LaTeX Info: Redefining \pageref on input line 6432.
\Hy@abspage=\count105
\c@Item=\count106
\c@Hfootnote=\count107
)

Package hyperref Message: Driver (autodetected): hpdftex.

("C:\Program Files\MiKTeX 2.9\tex\latex\hyperref\hpdftex.def"
File: hpdftex.def 2017/03/14 v6.85a Hyperref driver for pdfTeX
\Fld@listcount=\count108
\c@bookmark@seq@number=\count109

("C:\Program Files\MiKTeX 2.9\tex\latex\oberdiek\rerunfilecheck.sty"
Package: rerunfilecheck 2016/05/16 v1.8 Rerun checks for auxiliary files (HO)
Package uniquecounter Info: New unique counter `rerunfilecheck' on input line 2
82.
)
\Hy@SectionHShift=\skip46
)
("C:\Program Files\MiKTeX 2.9\tex\latex\tools\verbatim.sty"
Package: verbatim 2014/10/28 v1.5q LaTeX2e package for verbatim enhancements
\every@verbatim=\toks21
\verbatim@line=\toks22
\verbatim@in@stream=\read1
)
(CompPhys_Ex4_GreifHankla.aux)
\openout1 = `CompPhys_Ex4_GreifHankla.aux'.

LaTeX Font Info:    Checking defaults for OML/cmm/m/it on input line 13.
LaTeX Font Info:    ... okay on input line 13.
LaTeX Font Info:    Checking defaults for T1/cmr/m/n on input line 13.
LaTeX Font Info:    ... okay on input line 13.
LaTeX Font Info:    Checking defaults for OT1/cmr/m/n on input line 13.
LaTeX Font Info:    ... okay on input line 13.
LaTeX Font Info:    Checking defaults for OMS/cmsy/m/n on input line 13.
LaTeX Font Info:    ... okay on input line 13.
LaTeX Font Info:    Checking defaults for OMX/cmex/m/n on input line 13.
LaTeX Font Info:    ... okay on input line 13.
LaTeX Font Info:    Checking defaults for U/cmr/m/n on input line 13.
LaTeX Font Info:    ... okay on input line 13.
LaTeX Font Info:    Checking defaults for PD1/pdf/m/n on input line 13.
LaTeX Font Info:    ... okay on input line 13.

("C:\Program Files\MiKTeX 2.9\tex\context\base\supp-pdf.mkii"
[Loading MPS to PDF converter (version 2006.09.02).]
\scratchcounter=\count110
\scratchdimen=\dimen118
\scratchbox=\box28
\nofMPsegments=\count111
\nofMParguments=\count112
\everyMPshowfont=\toks23
\MPscratchCnt=\count113
\MPscratchDim=\dimen119
\MPnumerator=\count114
\makeMPintoPDFobject=\count115
\everyMPtoPDFconversion=\toks24
) ("C:\Program Files\MiKTeX 2.9\tex\latex\oberdiek\epstopdf-base.sty"
Package: epstopdf-base 2016/05/15 v2.6 Base part for package epstopdf

("C:\Program Files\MiKTeX 2.9\tex\latex\oberdiek\grfext.sty"
Package: grfext 2016/05/16 v1.2 Manage graphics extensions (HO)
)
Package epstopdf-base Info: Redefining graphics rule for `.eps' on input line 4
38.
Package grfext Info: Graphics extension search list:
(grfext)             [.png,.pdf,.jpg,.mps,.jpeg,.jbig2,.jb2,.PNG,.PDF,.JPG,.JPE
G,.JBIG2,.JB2,.eps]
(grfext)             \AppendGraphicsExtensions on input line 456.
)
\AtBeginShipoutBox=\box29
Package hyperref Info: Link coloring OFF on input line 13.

("C:\Program Files\MiKTeX 2.9\tex\latex\hyperref\nameref.sty"
Package: nameref 2016/05/21 v2.44 Cross-referencing by name of section

("C:\Program Files\MiKTeX 2.9\tex\generic\oberdiek\gettitlestring.sty"
Package: gettitlestring 2016/05/16 v1.5 Cleanup title references (HO)
)
\c@section@level=\count116
)
LaTeX Info: Redefining \ref on input line 13.
LaTeX Info: Redefining \pageref on input line 13.
LaTeX Info: Redefining \nameref on input line 13.

(CompPhys_Ex4_GreifHankla.out) (CompPhys_Ex4_GreifHankla.out)
\@outlinefile=\write3
\openout3 = `CompPhys_Ex4_GreifHankla.out'.

LaTeX Font Info:    Try loading font information for U+msa on input line 15.

("C:\Program Files\MiKTeX 2.9\tex\latex\amsfonts\umsa.fd"
File: umsa.fd 2013/01/14 v3.01 AMS symbols A
)
LaTeX Font Info:    Try loading font information for U+msb on input line 15.

("C:\Program Files\MiKTeX 2.9\tex\latex\amsfonts\umsb.fd"
File: umsb.fd 2013/01/14 v3.01 AMS symbols B
)
Overfull \hbox (103.22069pt too wide) in paragraph at lines 15--15
 [][] 
 []

<../exercise4_problem1_antisymEx.pdf, id=7, 462.52798pt x 346.89601pt>
File: ../exercise4_problem1_antisymEx.pdf Graphic file (type pdf)

<use ../exercise4_problem1_antisymEx.pdf>
Package pdftex.def Info: ../exercise4_problem1_antisymEx.pdf used on input line
 21.
(pdftex.def)             Requested size: 350.99762pt x 263.26259pt.

<../exercise4_problem1_symEx.pdf, id=8, 462.52798pt x 346.89601pt>
File: ../exercise4_problem1_symEx.pdf Graphic file (type pdf)

<use ../exercise4_problem1_symEx.pdf>
Package pdftex.def Info: ../exercise4_problem1_symEx.pdf used on input line 28.

(pdftex.def)             Requested size: 350.99762pt x 263.26259pt.


LaTeX Warning: `!h' float specifier changed to `!ht'.

[1

{C:/ProgramData/MiKTeX/2.9/pdftex/config/pdftex.map} <../exercise4_problem1_ant
isymEx.pdf>] [2 <../exercise4_problem1_symEx.pdf>]
<../exercise4_problem2_numIntegration.pdf, id=130, 462.52798pt x 346.89601pt>
File: ../exercise4_problem2_numIntegration.pdf Graphic file (type pdf)

<use ../exercise4_problem2_numIntegration.pdf>
Package pdftex.def Info: ../exercise4_problem2_numIntegration.pdf used on input
 line 75.
(pdftex.def)             Requested size: 350.99762pt x 263.26259pt.


LaTeX Warning: `!h' float specifier changed to `!ht'.

<../exercise4_problem2_varyEps.pdf, id=134, 867.24pt x 505.89pt>
File: ../exercise4_problem2_varyEps.pdf Graphic file (type pdf)

<use ../exercise4_problem2_varyEps.pdf>
Package pdftex.def Info: ../exercise4_problem2_varyEps.pdf used on input line 1
00.
(pdftex.def)             Requested size: 350.99762pt x 204.7531pt.


LaTeX Warning: `!h' float specifier changed to `!ht'.

[3]
Underfull \vbox (badness 2573) has occurred while \output is active []

 [4 <../exercise4_problem2_numIntegration.pdf> <../exercise4_problem2_varyEps.p
df

pdfTeX warning: pdflatex.exe (file ../exercise4_problem2_varyEps.pdf): PDF incl
usion: multiple pdfs with page group included in a single page
>]
File: ../exercises04.py  (verbatim)

Overfull \hbox (42.25021pt too wide) in paragraph at lines 125--125
[]    \OT1/cmtt/m/n/12 N: number of bins in x direction. Assume start at x=0, g
o to x = n[] 
 []


Overfull \hbox (29.9002pt too wide) in paragraph at lines 125--125
[]    \OT1/cmtt/m/n/12 # The equation has been normalized such that x spans fro
m 0 to 1[] 
 []

[5]
Overfull \hbox (29.9002pt too wide) in paragraph at lines 125--125
[]    \OT1/cmtt/m/n/12 """" k(x) function as described in Exercise Sheet 4(norm
alized):[] 
 []


Overfull \hbox (5.2002pt too wide) in paragraph at lines 125--125
[]         \OT1/cmtt/m/n/12 This specific function k(x) for harmonic oscillator
 """[] 
 []


Overfull \hbox (60.77522pt too wide) in paragraph at lines 125--125
[]    \OT1/cmtt/m/n/12 x[x<0] = np.inf  # mirror, since x prop to V(z), as V(z)
->inf, x->inf[] 
 []

[6]
Overfull \hbox (110.17525pt too wide) in paragraph at lines 125--125
[]    \OT1/cmtt/m/n/12 return hermiten/(2**n * np.math.factorial(n) * np.pi**0.
5) * np.exp(-x**2/2.)[] 
 []


Overfull \hbox (60.77522pt too wide) in paragraph at lines 125--125
[]    \OT1/cmtt/m/n/12 """ Normalize a function such that the integral of it sq
uared is one.[] 
 []

[7]
Overfull \hbox (122.52525pt too wide) in paragraph at lines 125--125
[]\OT1/cmtt/m/n/12 axarr[0].set_title("Sample Antisymmetric function: Energy Ei
genvalue {}".format(n))[] 
 []


Overfull \hbox (283.07533pt too wide) in paragraph at lines 125--125
[]\OT1/cmtt/m/n/12 axarr[1].plot((analytic_soln-normed_psi)/analytic_soln, labe
l="Percentage Error (Analytic-Numeric)/Analytic")[] 
 []

[8]
Overfull \hbox (122.52525pt too wide) in paragraph at lines 125--125
[]\OT1/cmtt/m/n/12 axarr[0].set_title("Sample Antisymmetric function: Energy Ei
genvalue {}".format(n))[] 
 []


Overfull \hbox (283.07533pt too wide) in paragraph at lines 125--125
[]\OT1/cmtt/m/n/12 axarr[1].plot((analytic_soln-normed_psi)/analytic_soln, labe
l="Percentage Error (Analytic-Numeric)/Analytic")[] 
 []


Overfull \hbox (17.5502pt too wide) in paragraph at lines 125--125
[]\OT1/cmtt/m/n/12 # https://www.physi.uni-heidelberg.de/Publications/dipl_kran
tz.pdf[] 
 []

[9]
Overfull \hbox (97.82524pt too wide) in paragraph at lines 125--125
[]\OT1/cmtt/m/n/12 axarr[0].set_title("Neutron in Gravitational Field: $\epsilo
n$={}".format(eps))[] 
 []


Overfull \hbox (91.65024pt too wide) in paragraph at lines 125--125
[]\OT1/cmtt/m/n/12 #axarr[1].plot(analytic_soln-normed_psi, label="Remainder (A
nalytic-Numeric)")[] 
 []


Overfull \hbox (79.30023pt too wide) in paragraph at lines 125--125
[]\OT1/cmtt/m/n/12 eps_list = [-20.0, -5.0, -1.0, 0.0, 1.0, 5.0, 10.0, 20.0, 40
.0, 80.0, 200.0][] 
 []


Overfull \hbox (97.82524pt too wide) in paragraph at lines 125--125
[]    \OT1/cmtt/m/n/12 normed_psi = normalized_function(numerov(psi0, psi1, eps
, N, eps_mins_x_k))[] 
 []


Overfull \hbox (60.77522pt too wide) in paragraph at lines 125--125
[]    \OT1/cmtt/m/n/12 axarr.plot(xr, normed_psi, label="Numeric $\epsilon$={}"
.format(eps))[] 
 []

[10]
Overfull \hbox (110.17525pt too wide) in paragraph at lines 125--125
[]\OT1/cmtt/m/n/12 axarr.set_title("Neutron in Gravitational Field: $\epsilon$=
{}".format(eps_list))[] 
 []


Overfull \hbox (141.05026pt too wide) in paragraph at lines 125--125
[]\OT1/cmtt/m/n/12 # a) use this property and eps_n of the first 3 bound states
 to 2 after comma decimals[] 
 []

Package atveryend Info: Empty hook `BeforeClearDocument' on input line 130.
[11]
Package atveryend Info: Empty hook `AfterLastShipout' on input line 130.
 (CompPhys_Ex4_GreifHankla.aux)
Package atveryend Info: Executing hook `AtVeryEndDocument' on input line 130.
Package atveryend Info: Executing hook `AtEndAfterFileList' on input line 130.
Package rerunfilecheck Info: File `CompPhys_Ex4_GreifHankla.out' has not change
d.
(rerunfilecheck)             Checksum: 347FBEC21D35551A68AF4AD8A21526B4;95.
Package atveryend Info: Empty hook `AtVeryVeryEnd' on input line 130.
 ) 
Here is how much of TeX's memory you used:
 6051 strings out of 493323
 87169 string characters out of 3139067
 178829 words of memory out of 3000000
 9494 multiletter control sequences out of 15000+200000
 12265 words of font info for 48 fonts, out of 3000000 for 9000
 1141 hyphenation exceptions out of 8191
 28i,12n,28p,277b,449s stack positions out of 5000i,500n,10000p,200000b,50000s
<C:/Program Files/MiKTeX 2.9/fonts/type1/public/amsfonts/cm/cmbx12.pfb><C:/Pr
ogram Files/MiKTeX 2.9/fonts/type1/public/amsfonts/cm/cmex10.pfb><C:/Program Fi
les/MiKTeX 2.9/fonts/type1/public/amsfonts/cm/cmmi12.pfb><C:/Program Files/MiKT
eX 2.9/fonts/type1/public/amsfonts/cm/cmmi8.pfb><C:/Program Files/MiKTeX 2.9/fo
nts/type1/public/amsfonts/cm/cmr12.pfb><C:/Program Files/MiKTeX 2.9/fonts/type1
/public/amsfonts/cm/cmr17.pfb><C:/Program Files/MiKTeX 2.9/fonts/type1/public/a
msfonts/cm/cmr8.pfb><C:/Program Files/MiKTeX 2.9/fonts/type1/public/amsfonts/cm
/cmsy10.pfb><C:/Program Files/MiKTeX 2.9/fonts/type1/public/amsfonts/cm/cmsy8.p
fb><C:/Program Files/MiKTeX 2.9/fonts/type1/public/amsfonts/cm/cmtt12.pfb><C:/P
rogram Files/MiKTeX 2.9/fonts/type1/public/amsfonts/symbols/msbm10.pfb>
Output written on CompPhys_Ex4_GreifHankla.pdf (11 pages, 214716 bytes).
PDF statistics:
 331 PDF objects out of 1000 (max. 8388607)
 38 named destinations out of 1000 (max. 500000)
 29 words of extra memory for PDF output out of 10000 (max. 10000000)

